<?xml version="1.0" encoding="UTF-8"?>
<!-- Generated by org.testng.reporters.JUnitXMLReporter -->
<testsuite ignored="0" hostname="MTBSE11APE-1164" failures="0" tests="2" name="Surefire test" time="17.52" errors="0" timestamp="2025-07-01T12:20:56 GMT-03:00">
  <testcase classname="PracticeTest.GetDataFromDataProvider" name="GettingDataFromDataProvider" time="8.781"/>
  <testcase classname="PracticeTest.GetDataFromDataProvider" name="GettingDataFromDataProvider" time="8.642"/>
</testsuite> <!-- Surefire test -->
