<?xml version="1.0" encoding="UTF-8"?>
<!-- Generated by org.testng.reporters.JUnitXMLReporter -->
<testsuite ignored="0" hostname="MTBSE11APE-1164" failures="0" tests="2" name="Default test" time="16.152" errors="0" timestamp="2025-07-01T12:13:47 GMT-03:00">
  <testcase classname="PracticeTest.GetDataFromDataProvider" name="GettingDataFromDataProvider" time="8.663"/>
  <testcase classname="PracticeTest.GetDataFromDataProvider" name="GettingDataFromDataProvider" time="7.393"/>
</testsuite> <!-- Default test -->
