<?xml version="1.0" encoding="UTF-8"?>
<testng-results ignored="0" total="2" passed="2" failed="0" skipped="0">
  <reporter-output>
  </reporter-output>
  <suite started-at="2025-07-01T12:20:38 GMT-03:00" name="Surefire suite" finished-at="2025-07-01T12:20:56 GMT-03:00" duration-ms="17520">
    <groups>
    </groups>
    <test started-at="2025-07-01T12:20:38 GMT-03:00" name="Surefire test" finished-at="2025-07-01T12:20:56 GMT-03:00" duration-ms="17520">
      <class name="PracticeTest.GetDataFromDataProvider">
        <test-method signature="GettingDataFromDataProvider(java.lang.String,java.lang.String,java.lang.String)[pri:0, instance:PracticeTest.GetDataFromDataProvider@4034c28c]" started-at="2025-07-01T12:20:38 GMT-03:00" name="GettingDataFromDataProvider" data-provider="getData" finished-at="2025-07-01T12:20:47 GMT-03:00" duration-ms="8781" status="PASS">
          <params>
            <param index="0">
              <value>
                <![CDATA[vignesh.civil1@gmail.com]]>
              </value>
            </param>
            <param index="1">
              <value>
                <![CDATA[Baava@1120]]>
              </value>
            </param>
            <param index="2">
              <value>
                <![CDATA[ADIDAS ORIGINAL]]>
              </value>
            </param>
          </params>
          <reporter-output>
          </reporter-output>
        </test-method> <!-- GettingDataFromDataProvider -->
        <test-method signature="GettingDataFromDataProvider(java.lang.String,java.lang.String,java.lang.String)[pri:0, instance:PracticeTest.GetDataFromDataProvider@4034c28c]" started-at="2025-07-01T12:20:47 GMT-03:00" name="GettingDataFromDataProvider" data-provider="getData" finished-at="2025-07-01T12:20:56 GMT-03:00" duration-ms="8642" status="PASS">
          <params>
            <param index="0">
              <value>
                <![CDATA[vignesh.civil1@gmail.com]]>
              </value>
            </param>
            <param index="1">
              <value>
                <![CDATA[Baava@1120]]>
              </value>
            </param>
            <param index="2">
              <value>
                <![CDATA[IPHONE 13 PRO]]>
              </value>
            </param>
          </params>
          <reporter-output>
          </reporter-output>
        </test-method> <!-- GettingDataFromDataProvider -->
      </class> <!-- PracticeTest.GetDataFromDataProvider -->
    </test> <!-- Surefire test -->
  </suite> <!-- Surefire suite -->
</testng-results>
